Debugger attached.

> webapps-workshop@1.0.0 start:front
> npm start --prefix ./react-products-app-from-node-api

Debugger attached.
npm ERR! Missing script: "start"
npm ERR! 
npm ERR! Did you mean one of these?
npm ERR!     npm star # Mark your favorite packages
npm ERR!     npm stars # View packages marked as favorites
npm ERR! 
npm ERR! To see a list of scripts, run:
npm ERR!   npm run

npm ERR! A complete log of this run can be found in:
npm ERR!     /home/jonc-bastidas/.npm/_logs/2025-05-23T20_43_12_861Z-debug-0.log
Waiting for the debugger to disconnect...
Waiting for the debugger to disconnect...

> webapps-workshop@1.0.0 start:front
> npm run preview --prefix ./react-products-app-from-node-api


> vite-project@0.0.0 preview
> vite preview

  ➜  Local:   http://localhost:4173/
  ➜  Network: use --host to expose
